Estado 5 conflitos: 1 shift/reduce, 2 reduce/reduce
Estado 11 conflictos: 1 shift/reduce


Gramática

    0 $accept: prog $end

    1 prog: grafos

    2 grafos: grafo grafos
    3       | grafo

    4 grafo: artista ligacoes
    5      | artista

    6 ligacoes: musicaOuEvento ligacoes
    7         | %empty

    8 artista: NOME IDADE CIDADE lista

    9 musicaOuEvento: NOME TIPO TEMPO
   10               | NOME TIPO DATA

   11 lista: COLABOROU NOME lista
   12      | APRENDEU NOME lista
   13      | ENSINOU NOME lista
   14      | PARTICIPOU NOME lista
   15      | PRODUZIU NOME lista
   16      | %empty


Terminais, com as regras aonde aparecem

$end (0) 0
error (256)
NOME (258) 8 9 10 11 12 13 14 15
IDADE (259) 8
CIDADE (260) 8
TIPO (261) 9 10
TEMPO (262) 9
DATA (263) 10
COLABOROU (264) 11
APRENDEU (265) 12
ENSINOU (266) 13
PARTICIPOU (267) 14
PRODUZIU (268) 15


Não-terminais, com as regras aonde aparecem

$accept (14)
    à esquerda: 0
prog (15)
    à esquerda: 1, à direita: 0
grafos (16)
    à esquerda: 2 3, à direita: 1 2
grafo (17)
    à esquerda: 4 5, à direita: 2 3
ligacoes (18)
    à esquerda: 6 7, à direita: 4 6
artista (19)
    à esquerda: 8, à direita: 4 5
musicaOuEvento (20)
    à esquerda: 9 10, à direita: 6
lista (21)
    à esquerda: 11 12 13 14 15 16, à direita: 8 11 12 13 14 15


Estado0

    0 $accept: . prog $end

    NOME  fazer shift, e ir para o estado 1

    prog     ir para o estado 2
    grafos   ir para o estado 3
    grafo    ir para o estado 4
    artista  ir para o estado 5


Estado1

    8 artista: NOME . IDADE CIDADE lista

    IDADE  fazer shift, e ir para o estado 6


Estado2

    0 $accept: prog . $end

    $end  fazer shift, e ir para o estado 7


Estado3

    1 prog: grafos .

    $default  reduzir usando a regra 1 (prog)


Estado4

    2 grafos: grafo . grafos
    3       | grafo .

    NOME  fazer shift, e ir para o estado 1

    $default  reduzir usando a regra 3 (grafos)

    grafos   ir para o estado 8
    grafo    ir para o estado 4
    artista  ir para o estado 5


Estado5

    4 grafo: artista . ligacoes
    5      | artista .

    NOME  fazer shift, e ir para o estado 9

    $end      reduzir usando a regra 5 (grafo)
    $end      [reduzir usando a regra 7 (ligacoes)]
    NOME      [reduzir usando a regra 5 (grafo)]
    NOME      [reduzir usando a regra 7 (ligacoes)]
    $default  reduzir usando a regra 5 (grafo)

    ligacoes        ir para o estado 10
    musicaOuEvento  ir para o estado 11


Estado6

    8 artista: NOME IDADE . CIDADE lista

    CIDADE  fazer shift, e ir para o estado 12


Estado7

    0 $accept: prog $end .

    $default  aceite


Estado8

    2 grafos: grafo grafos .

    $default  reduzir usando a regra 2 (grafos)


Estado9

    9 musicaOuEvento: NOME . TIPO TEMPO
   10               | NOME . TIPO DATA

    TIPO  fazer shift, e ir para o estado 13


Estado10

    4 grafo: artista ligacoes .

    $default  reduzir usando a regra 4 (grafo)


Estado11

    6 ligacoes: musicaOuEvento . ligacoes

    NOME  fazer shift, e ir para o estado 9

    NOME      [reduzir usando a regra 7 (ligacoes)]
    $default  reduzir usando a regra 7 (ligacoes)

    ligacoes        ir para o estado 14
    musicaOuEvento  ir para o estado 11


Estado12

    8 artista: NOME IDADE CIDADE . lista

    COLABOROU   fazer shift, e ir para o estado 15
    APRENDEU    fazer shift, e ir para o estado 16
    ENSINOU     fazer shift, e ir para o estado 17
    PARTICIPOU  fazer shift, e ir para o estado 18
    PRODUZIU    fazer shift, e ir para o estado 19

    $default  reduzir usando a regra 16 (lista)

    lista  ir para o estado 20


Estado13

    9 musicaOuEvento: NOME TIPO . TEMPO
   10               | NOME TIPO . DATA

    TEMPO  fazer shift, e ir para o estado 21
    DATA   fazer shift, e ir para o estado 22


Estado14

    6 ligacoes: musicaOuEvento ligacoes .

    $default  reduzir usando a regra 6 (ligacoes)


Estado15

   11 lista: COLABOROU . NOME lista

    NOME  fazer shift, e ir para o estado 23


Estado16

   12 lista: APRENDEU . NOME lista

    NOME  fazer shift, e ir para o estado 24


Estado17

   13 lista: ENSINOU . NOME lista

    NOME  fazer shift, e ir para o estado 25


Estado18

   14 lista: PARTICIPOU . NOME lista

    NOME  fazer shift, e ir para o estado 26


Estado19

   15 lista: PRODUZIU . NOME lista

    NOME  fazer shift, e ir para o estado 27


Estado20

    8 artista: NOME IDADE CIDADE lista .

    $default  reduzir usando a regra 8 (artista)


Estado21

    9 musicaOuEvento: NOME TIPO TEMPO .

    $default  reduzir usando a regra 9 (musicaOuEvento)


Estado22

   10 musicaOuEvento: NOME TIPO DATA .

    $default  reduzir usando a regra 10 (musicaOuEvento)


Estado23

   11 lista: COLABOROU NOME . lista

    COLABOROU   fazer shift, e ir para o estado 15
    APRENDEU    fazer shift, e ir para o estado 16
    ENSINOU     fazer shift, e ir para o estado 17
    PARTICIPOU  fazer shift, e ir para o estado 18
    PRODUZIU    fazer shift, e ir para o estado 19

    $default  reduzir usando a regra 16 (lista)

    lista  ir para o estado 28


Estado24

   12 lista: APRENDEU NOME . lista

    COLABOROU   fazer shift, e ir para o estado 15
    APRENDEU    fazer shift, e ir para o estado 16
    ENSINOU     fazer shift, e ir para o estado 17
    PARTICIPOU  fazer shift, e ir para o estado 18
    PRODUZIU    fazer shift, e ir para o estado 19

    $default  reduzir usando a regra 16 (lista)

    lista  ir para o estado 29


Estado25

   13 lista: ENSINOU NOME . lista

    COLABOROU   fazer shift, e ir para o estado 15
    APRENDEU    fazer shift, e ir para o estado 16
    ENSINOU     fazer shift, e ir para o estado 17
    PARTICIPOU  fazer shift, e ir para o estado 18
    PRODUZIU    fazer shift, e ir para o estado 19

    $default  reduzir usando a regra 16 (lista)

    lista  ir para o estado 30


Estado26

   14 lista: PARTICIPOU NOME . lista

    COLABOROU   fazer shift, e ir para o estado 15
    APRENDEU    fazer shift, e ir para o estado 16
    ENSINOU     fazer shift, e ir para o estado 17
    PARTICIPOU  fazer shift, e ir para o estado 18
    PRODUZIU    fazer shift, e ir para o estado 19

    $default  reduzir usando a regra 16 (lista)

    lista  ir para o estado 31


Estado27

   15 lista: PRODUZIU NOME . lista

    COLABOROU   fazer shift, e ir para o estado 15
    APRENDEU    fazer shift, e ir para o estado 16
    ENSINOU     fazer shift, e ir para o estado 17
    PARTICIPOU  fazer shift, e ir para o estado 18
    PRODUZIU    fazer shift, e ir para o estado 19

    $default  reduzir usando a regra 16 (lista)

    lista  ir para o estado 32


Estado28

   11 lista: COLABOROU NOME lista .

    $default  reduzir usando a regra 11 (lista)


Estado29

   12 lista: APRENDEU NOME lista .

    $default  reduzir usando a regra 12 (lista)


Estado30

   13 lista: ENSINOU NOME lista .

    $default  reduzir usando a regra 13 (lista)


Estado31

   14 lista: PARTICIPOU NOME lista .

    $default  reduzir usando a regra 14 (lista)


Estado32

   15 lista: PRODUZIU NOME lista .

    $default  reduzir usando a regra 15 (lista)
